<?xml version="1.0" encoding="UTF-8"?>
<!-- Generated by org.testng.reporters.JUnitXMLReporter -->
<testsuite ignored="0" hostname="LAPTOP-HGN8R5DF" failures="2" tests="5" name="Test" time="38.821" errors="0" timestamp="2023-10-03T00:04:45 IST">
  <testcase classname="com.banking.testcases.TC_LoginDDT_002" name="loginddt" time="9.727"/>
  <testcase classname="com.banking.testcases.TC_LoginDDT_002" name="loginddt" time="4.249">
    <failure type="java.lang.AssertionError" message="expected [true] but found [false]">
      <![CDATA[java.lang.AssertionError: expected [true] but found [false]
at com.banking.testcases.TC_LoginDDT_002.loginddt(TC_LoginDDT_002.java:38)
at java.base/java.util.ArrayList.forEach(ArrayList.java:1511)
... Removed 31 stack frames]]>
    </failure>
  </testcase> <!-- loginddt -->
  <testcase classname="com.banking.testcases.TC_LoginDDT_002" name="loginddt" time="7.062"/>
  <testcase classname="com.banking.testcases.TC_LoginDDT_002" name="loginddt" time="4.836">
    <failure type="java.lang.AssertionError" message="expected [true] but found [false]">
      <![CDATA[java.lang.AssertionError: expected [true] but found [false]
at com.banking.testcases.TC_LoginDDT_002.loginddt(TC_LoginDDT_002.java:38)
at java.base/java.util.ArrayList.forEach(ArrayList.java:1511)
... Removed 31 stack frames]]>
    </failure>
  </testcase> <!-- loginddt -->
  <testcase classname="com.banking.testcases.TC_LoginDDT_002" name="loginddt" time="6.661"/>
</testsuite> <!-- Test -->
